{"C:\\Users\\hzfangwentian\\Desktop\\practice\\37\\webpack-babel-regular\\js\\math.js":{"path":"C:\\Users\\hzfangwentian\\Desktop\\practice\\37\\webpack-babel-regular\\js\\math.js","s":{"1":1,"2":1,"3":0,"4":0,"5":0,"6":1},"b":{"1":[0,0]},"f":{"1":1,"2":0,"3":0,"4":0},"fnMap":{"1":{"name":"(anonymous_1)","line":2,"loc":{"start":{"line":2,"column":7},"end":{"line":2,"column":14}}},"2":{"name":"(anonymous_2)","line":5,"loc":{"start":{"line":5,"column":9},"end":{"line":5,"column":16}}},"3":{"name":"(anonymous_3)","line":8,"loc":{"start":{"line":8,"column":8},"end":{"line":8,"column":15}}},"4":{"name":"(anonymous_4)","line":11,"loc":{"start":{"line":11,"column":10},"end":{"line":11,"column":17}}}},"statementMap":{"1":{"start":{"line":1,"column":0},"end":{"line":14,"column":1}},"2":{"start":{"line":3,"column":8},"end":{"line":3,"column":21}},"3":{"start":{"line":6,"column":8},"end":{"line":6,"column":21}},"4":{"start":{"line":9,"column":8},"end":{"line":9,"column":21}},"5":{"start":{"line":12,"column":8},"end":{"line":12,"column":35}},"6":{"start":{"line":15,"column":0},"end":{"line":15,"column":22}}},"branchMap":{"1":{"line":12,"type":"cond-expr","locations":[{"start":{"line":12,"column":25},"end":{"line":12,"column":26}},{"start":{"line":12,"column":29},"end":{"line":12,"column":34}}]}}}}